nohup: ignoring input
--------------------------------------------------
Loading Model: medium.en on cuda...
Model Loaded.
--------------------------------------------------
Scanning /opt/Audio_Datasets/AMICorpus for first 10 file pairs...
Found 10 pairs. Starting transcription...
====================================================================================================
Filename                       | Duration | RefWords | Dist   | WER     
----------------------------------------------------------------------------------------------------
TS3011d.Mix-Headset.wav        | 2157.41  | 4643     | 1703   | 0.3668  
TS3005c.Mix-Headset.wav        | 2403.00  | 6564     | 2899   | 0.4417  
ES2005a.Mix-Headset.wav        | 477.88   | 747      | 285    | 0.3815  
ES2007d.Mix-Headset.wav        | 1249.51  | 3188     | 1158   | 0.3632  
TS3007a.Mix-Headset.wav        | 1609.34  | 3366     | 1394   | 0.4141  
TS3009a.Mix-Headset.wav        | 1505.90  | 4247     | 1853   | 0.4363  
ES2013a.Mix-Headset.wav        | 825.17   | 1542     | 479    | 0.3106  
ES2003c.Mix-Headset.wav        | 2256.93  | 5983     | 1707   | 0.2853  
ES2006d.Mix-Headset.wav        | 1967.45  | 6024     | 2464   | 0.4090  
ES2010c.Mix-Headset.wav        | 1837.76  | 5357     | 1371   | 0.2559  
====================================================================================================
Processed Files: 10
Total Distance:  15313
Total Ref Words: 41661
------------------------------
Average WER:     36.76%
====================================================================================================
